The system is: Windows - 10.0.19043 - AMD64
Compiling the C compiler identification source file "CMakeCCompilerId.c" succeeded.
Compiler: G:/Visual Studio/VC/Tools/MSVC/14.28.29333/bin/Hostx86/x86/cl.exe 
Build flags: 
Id flags:  

The output was:
0
Microsoft (R) C/C++ Optimizing Compiler Versão 19.28.29336 para x86
Copyright (C) Microsoft Corporation. Todos os direitos reservados.

CMakeCCompilerId.c
Microsoft (R) Incremental Linker Version 14.28.29336.0
Copyright (C) Microsoft Corporation.  All rights reserved.

/out:CMakeCCompilerId.exe 
CMakeCCompilerId.obj 


Compilation of the C compiler identification source "CMakeCCompilerId.c" produced "CMakeCCompilerId.exe"

Compilation of the C compiler identification source "CMakeCCompilerId.c" produced "CMakeCCompilerId.obj"

The C compiler identification is MSVC, found in "C:/Users/Lekob/CLionProjects/PCSTRTrabalho1/cmake-build-debug/CMakeFiles/3.19.2/CompilerIdC/CMakeCCompilerId.exe"

Detecting C compiler ABI info compiled with the following output:
Change Dir: C:/Users/Lekob/CLionProjects/PCSTRTrabalho1/cmake-build-debug/CMakeFiles/CMakeTmp

Run Build Command(s):nmake /nologo cmTC_83638\fast && 	"G:\Visual Studio\VC\Tools\MSVC\14.28.29333\bin\HostX86\x86\nmake.exe"  -f CMakeFiles\cmTC_83638.dir\build.make /nologo -L                  CMakeFiles\cmTC_83638.dir\build
Building C object CMakeFiles/cmTC_83638.dir/CMakeCCompilerABI.c.obj
	"G:\Visual Studio\VC\Tools\MSVC\14.28.29333\bin\Hostx86\x86\cl.exe" @C:\Users\Lekob\AppData\Local\Temp\nmC69F.tmp
CMakeCCompilerABI.c
Linking C executable cmTC_83638.exe
	C:\Users\Lekob\AppData\Local\JetBrains\Toolbox\apps\CLion\ch-0\211.6693.114\bin\cmake\win\bin\cmake.exe -E vs_link_exe --intdir=CMakeFiles\cmTC_83638.dir --rc=C:\PROGRA~2\WI3CF2~1\10\bin\100183~1.0\x86\rc.exe --mt=C:\PROGRA~2\WI3CF2~1\10\bin\100183~1.0\x86\mt.exe --manifests -- "G:\Visual Studio\VC\Tools\MSVC\14.28.29333\bin\Hostx86\x86\link.exe" /nologo @CMakeFiles\cmTC_83638.dir\objects1.rsp @C:\Users\Lekob\AppData\Local\Temp\nmC6FD.tmp



